0 info it worked if it ends with ok
1 verbose cli [ '/usr/local/bin/node',
1 verbose cli   '/usr/local/bin/npm',
1 verbose cli   'install',
1 verbose cli   '-g',
1 verbose cli   'weex-toolkit' ]
2 info using npm@2.15.8
3 info using node@v4.4.7
4 verbose install initial load of /usr/local/lib/package.json
5 verbose readDependencies loading dependencies from /usr/local/lib/package.json
6 silly cache add args [ 'weex-toolkit', null ]
7 verbose cache add spec weex-toolkit
8 silly cache add parsed spec Result {
8 silly cache add   raw: 'weex-toolkit',
8 silly cache add   scope: null,
8 silly cache add   name: 'weex-toolkit',
8 silly cache add   rawSpec: '',
8 silly cache add   spec: 'latest',
8 silly cache add   type: 'tag' }
9 silly addNamed weex-toolkit@latest
10 verbose addNamed "latest" is being treated as a dist-tag for weex-toolkit
11 info addNameTag [ 'weex-toolkit', 'latest' ]
12 silly mapToRegistry name weex-toolkit
13 silly mapToRegistry using default registry
14 silly mapToRegistry registry https://registry.npmjs.org/
15 silly mapToRegistry data Result {
15 silly mapToRegistry   raw: 'weex-toolkit',
15 silly mapToRegistry   scope: null,
15 silly mapToRegistry   name: 'weex-toolkit',
15 silly mapToRegistry   rawSpec: '',
15 silly mapToRegistry   spec: 'latest',
15 silly mapToRegistry   type: 'tag' }
16 silly mapToRegistry uri https://registry.npmjs.org/weex-toolkit
17 verbose addNameTag registry:https://registry.npmjs.org/weex-toolkit not in flight; fetching
18 verbose request uri https://registry.npmjs.org/weex-toolkit
19 verbose request no auth needed
20 info attempt registry request try #1 at 18:13:22
21 verbose request id 48f0fe58143201b8
22 http request GET https://registry.npmjs.org/weex-toolkit
23 http 200 https://registry.npmjs.org/weex-toolkit
24 verbose headers { server: 'CouchDB/1.5.0 (Erlang OTP/R16B03)',
24 verbose headers   etag: '"96QC23QFQFOE90WDAIJ44KH8S"',
24 verbose headers   'content-type': 'application/json',
24 verbose headers   'content-encoding': 'gzip',
24 verbose headers   'cache-control': 'max-age=300',
24 verbose headers   'content-length': '9818',
24 verbose headers   'accept-ranges': 'bytes',
24 verbose headers   date: 'Mon, 15 Aug 2016 10:13:23 GMT',
24 verbose headers   via: '1.1 varnish',
24 verbose headers   age: '0',
24 verbose headers   connection: 'keep-alive',
24 verbose headers   'x-served-by': 'cache-lcy1130-LCY',
24 verbose headers   'x-cache': 'MISS',
24 verbose headers   'x-cache-hits': '0',
24 verbose headers   'x-timer': 'S1471256003.683547,VS0,VE102',
24 verbose headers   vary: 'Accept-Encoding' }
25 silly get cb [ 200,
25 silly get   { server: 'CouchDB/1.5.0 (Erlang OTP/R16B03)',
25 silly get     etag: '"96QC23QFQFOE90WDAIJ44KH8S"',
25 silly get     'content-type': 'application/json',
25 silly get     'content-encoding': 'gzip',
25 silly get     'cache-control': 'max-age=300',
25 silly get     'content-length': '9818',
25 silly get     'accept-ranges': 'bytes',
25 silly get     date: 'Mon, 15 Aug 2016 10:13:23 GMT',
25 silly get     via: '1.1 varnish',
25 silly get     age: '0',
25 silly get     connection: 'keep-alive',
25 silly get     'x-served-by': 'cache-lcy1130-LCY',
25 silly get     'x-cache': 'MISS',
25 silly get     'x-cache-hits': '0',
25 silly get     'x-timer': 'S1471256003.683547,VS0,VE102',
25 silly get     vary: 'Accept-Encoding' } ]
26 verbose get saving weex-toolkit to /Users/cfwifine/.npm/registry.npmjs.org/weex-toolkit/.cache.json
27 verbose correctMkdir /Users/cfwifine/.npm correctMkdir not in flight; initializing
28 verbose makeDirectory /Users/cfwifine/.npm creation not in flight; initializing
29 silly makeDirectory /Users/cfwifine/.npm uid: 501 gid: 20
30 silly addNameTag next cb for weex-toolkit with tag latest
31 silly addNamed weex-toolkit@0.4.6
32 verbose addNamed "0.4.6" is a plain semver version for weex-toolkit
33 silly mapToRegistry name weex-toolkit
34 silly mapToRegistry using default registry
35 silly mapToRegistry registry https://registry.npmjs.org/
36 silly mapToRegistry data Result {
36 silly mapToRegistry   raw: 'weex-toolkit',
36 silly mapToRegistry   scope: null,
36 silly mapToRegistry   name: 'weex-toolkit',
36 silly mapToRegistry   rawSpec: '',
36 silly mapToRegistry   spec: 'latest',
36 silly mapToRegistry   type: 'tag' }
37 silly mapToRegistry uri https://registry.npmjs.org/weex-toolkit
38 verbose addRemoteTarball https://registry.npmjs.org/weex-toolkit/-/weex-toolkit-0.4.6.tgz not in flight; adding
39 verbose addRemoteTarball [ 'https://registry.npmjs.org/weex-toolkit/-/weex-toolkit-0.4.6.tgz',
39 verbose addRemoteTarball   'f0e2c794042f4acb057e39fa52ff1d3612990c4d' ]
40 info retry fetch attempt 1 at 18:13:24
41 info attempt registry request try #1 at 18:13:24
42 http fetch GET https://registry.npmjs.org/weex-toolkit/-/weex-toolkit-0.4.6.tgz
43 http fetch 200 https://registry.npmjs.org/weex-toolkit/-/weex-toolkit-0.4.6.tgz
44 silly fetchAndShaCheck shasum f0e2c794042f4acb057e39fa52ff1d3612990c4d
45 verbose addTmpTarball /var/folders/gw/h0gtgvwj38s23x8zc8j8ndmh0000gn/T/npm-1824-e2682c95/registry.npmjs.org/weex-toolkit/-/weex-toolkit-0.4.6.tgz not in flight; adding
46 verbose addTmpTarball already have metadata; skipping unpack for weex-toolkit@0.4.6
47 verbose correctMkdir /Users/cfwifine/.npm correctMkdir not in flight; initializing
48 silly cache afterAdd weex-toolkit@0.4.6
49 verbose afterAdd /Users/cfwifine/.npm/weex-toolkit/0.4.6/package/package.json not in flight; writing
50 verbose correctMkdir /Users/cfwifine/.npm correctMkdir not in flight; initializing
51 verbose afterAdd /Users/cfwifine/.npm/weex-toolkit/0.4.6/package/package.json written
52 silly install resolved [ { name: 'weex-toolkit',
52 silly install resolved     version: '0.4.6',
52 silly install resolved     description: 'Weex CLI Toolkit',
52 silly install resolved     scripts:
52 silly install resolved      { test: 'echo "Error: no test specified" && exit 1',
52 silly install resolved        build: 'gulp' },
52 silly install resolved     repository:
52 silly install resolved      { type: 'git',
52 silly install resolved        url: 'git+https://github.com/weexteam/weex-toolkit.git' },
52 silly install resolved     author: { name: 'lvscar@gmail.com' },
52 silly install resolved     license: 'GPL-3.0+',
52 silly install resolved     dependencies:
52 silly install resolved      { 'babel-plugin-transform-runtime': '^6.7.5',
52 silly install resolved        'babel-runtime': '^6.6.1',
52 silly install resolved        co: '^4.6.0',
52 silly install resolved        debug: '^2.2.0',
52 silly install resolved        events: '^1.1.0',
52 silly install resolved        'fs-extra': '^0.30.0',
52 silly install resolved        'http-server': '^0.9.0',
52 silly install resolved        koa: '^1.2.0',
52 silly install resolved        'koa-compose': '^2.4.0',
52 silly install resolved        'koa-mount': '^1.3.0',
52 silly install resolved        'koa-route': '^2.4.2',
52 silly install resolved        'koa-router': '^5.4.0',
52 silly install resolved        'koa-serve-static': '^1.0.0',
52 silly install resolved        'koa-static': '^2.0.0',
52 silly install resolved        'koa-views': '^4.1.0',
52 silly install resolved        'node-watch': '^0.3.5',
52 silly install resolved        npmlog: '^2.0.4',
52 silly install resolved        opener: '^1.4.1',
52 silly install resolved        path: '^0.12.7',
52 silly install resolved        prompt: '^1.0.0',
52 silly install resolved        'qrcode-terminal': '^0.10.0',
52 silly install resolved        underscore: '^1.8.3',
52 silly install resolved        uuid: '^2.0.2',
52 silly install resolved        'weex-html5': '^0.3.0',
52 silly install resolved        webpack: '^1.13.1',
52 silly install resolved        'weex-components': '^0.0.6',
52 silly install resolved        'weex-loader': '^0.2.3',
52 silly install resolved        ws: '^1.1.0',
52 silly install resolved        yargs: '^3.32.0',
52 silly install resolved        'weex-devtool': '^0.2.29' },
52 silly install resolved     devDependencies:
52 silly install resolved      { 'babel-preset-es2015': '^6.6.0',
52 silly install resolved        browserify: '^13.0.0',
52 silly install resolved        del: '^2.2.0',
52 silly install resolved        gulp: '^3.9.1',
52 silly install resolved        'gulp-babel': '^6.1.2',
52 silly install resolved        'gulp-concat': '^2.6.0',
52 silly install resolved        'gulp-less': '^3.0.5',
52 silly install resolved        'gulp-rename': '^1.2.2',
52 silly install resolved        'gulp-wrap': '^0.11.0',
52 silly install resolved        'vinyl-source-stream': '^1.1.0',
52 silly install resolved        vue: '^1.0.24' },
52 silly install resolved     bin: { weex: 'bin/weex.js' },
52 silly install resolved     commands: { debug: 'weex-devtool.weex-devtool' },
52 silly install resolved     gitHead: '75e5b5dcee10251f9575d47d8ba277fcb09ee6e1',
52 silly install resolved     bugs: { url: 'https://github.com/weexteam/weex-toolkit/issues' },
52 silly install resolved     homepage: 'https://github.com/weexteam/weex-toolkit#readme',
52 silly install resolved     _id: 'weex-toolkit@0.4.6',
52 silly install resolved     _shasum: 'f0e2c794042f4acb057e39fa52ff1d3612990c4d',
52 silly install resolved     _from: 'weex-toolkit@latest',
52 silly install resolved     _npmVersion: '3.10.5',
52 silly install resolved     _nodeVersion: '4.4.7',
52 silly install resolved     _npmUser: { name: 'lvscar', email: 'lvscar@gmail.com' },
52 silly install resolved     dist:
52 silly install resolved      { shasum: 'f0e2c794042f4acb057e39fa52ff1d3612990c4d',
52 silly install resolved        tarball: 'https://registry.npmjs.org/weex-toolkit/-/weex-toolkit-0.4.6.tgz' },
52 silly install resolved     maintainers: [ [Object], [Object] ],
52 silly install resolved     _npmOperationalInternal:
52 silly install resolved      { host: 'packages-12-west.internal.npmjs.com',
52 silly install resolved        tmp: 'tmp/weex-toolkit-0.4.6.tgz_1471246862748_0.40481692855246365' },
52 silly install resolved     directories: {},
52 silly install resolved     _resolved: 'https://registry.npmjs.org/weex-toolkit/-/weex-toolkit-0.4.6.tgz' } ]
53 info install weex-toolkit@0.4.6 into /usr/local/lib
54 info installOne weex-toolkit@0.4.6
55 verbose installOne of weex-toolkit to /usr/local/lib not in flight; installing
56 verbose correctMkdir /Users/cfwifine/.npm/_locks correctMkdir not in flight; initializing
57 verbose makeDirectory /Users/cfwifine/.npm/_locks creation not in flight; initializing
58 silly makeDirectory /Users/cfwifine/.npm/_locks uid: 501 gid: 20
59 verbose lock using /Users/cfwifine/.npm/_locks/weex-toolkit-6f954c6b61b31625.lock for /usr/local/lib/node_modules/weex-toolkit
60 silly install write writing weex-toolkit 0.4.6 to /usr/local/lib/node_modules/weex-toolkit
61 verbose unbuild lib/node_modules/weex-toolkit
62 silly gentlyRm /usr/local/lib/node_modules/weex-toolkit is being purged from base /usr/local
63 verbose gentlyRm don't care about contents; nuking /usr/local/lib/node_modules/weex-toolkit
64 verbose tar unpack /Users/cfwifine/.npm/weex-toolkit/0.4.6/package.tgz
65 verbose tar unpacking to /usr/local/lib/node_modules/weex-toolkit
66 silly gentlyRm /usr/local/lib/node_modules/weex-toolkit is being purged
67 verbose gentlyRm don't care about contents; nuking /usr/local/lib/node_modules/weex-toolkit
68 silly gunzTarPerm modes [ '755', '644' ]
69 error tar.unpack untar error /Users/cfwifine/.npm/weex-toolkit/0.4.6/package.tgz
70 verbose unlock done using /Users/cfwifine/.npm/_locks/weex-toolkit-6f954c6b61b31625.lock for /usr/local/lib/node_modules/weex-toolkit
71 verbose fstream_path /usr/local/lib/node_modules/weex-toolkit
72 verbose fstream_type Directory
73 verbose fstream_class DirWriter
74 verbose stack Error: EACCES: permission denied, mkdir '/usr/local/lib/node_modules/weex-toolkit'
74 verbose stack     at Error (native)
75 verbose fstream_stack /usr/local/lib/node_modules/npm/node_modules/fstream/lib/dir-writer.js:35:25
75 verbose fstream_stack /usr/local/lib/node_modules/npm/node_modules/mkdirp/index.js:47:53
75 verbose fstream_stack FSReqWrap.oncomplete (fs.js:82:15)
76 verbose cwd /Users/cfwifine/Documents/项目/JTMeasure
77 error Darwin 15.0.0
78 error argv "/usr/local/bin/node" "/usr/local/bin/npm" "install" "-g" "weex-toolkit"
79 error node v4.4.7
80 error npm  v2.15.8
81 error path /usr/local/lib/node_modules/weex-toolkit
82 error code EACCES
83 error errno -13
84 error syscall mkdir
85 error Error: EACCES: permission denied, mkdir '/usr/local/lib/node_modules/weex-toolkit'
85 error     at Error (native)
85 error  { [Error: EACCES: permission denied, mkdir '/usr/local/lib/node_modules/weex-toolkit']
85 error   errno: -13,
85 error   code: 'EACCES',
85 error   syscall: 'mkdir',
85 error   path: '/usr/local/lib/node_modules/weex-toolkit',
85 error   fstream_type: 'Directory',
85 error   fstream_path: '/usr/local/lib/node_modules/weex-toolkit',
85 error   fstream_class: 'DirWriter',
85 error   fstream_stack:
85 error    [ '/usr/local/lib/node_modules/npm/node_modules/fstream/lib/dir-writer.js:35:25',
85 error      '/usr/local/lib/node_modules/npm/node_modules/mkdirp/index.js:47:53',
85 error      'FSReqWrap.oncomplete (fs.js:82:15)' ] }
86 error Please try running this command again as root/Administrator.
87 verbose exit [ -13, true ]
88 verbose unbuild lib/node_modules/weex-toolkit
89 silly gentlyRm /usr/local/lib/node_modules/weex-toolkit is being purged from base /usr/local
90 verbose gentlyRm don't care about contents; nuking /usr/local/lib/node_modules/weex-toolkit
